<?xml version="1.0" encoding="UTF-8"?>
<testng-results skipped="0" failed="1" ignored="0" total="4" passed="3">
  <reporter-output>
  </reporter-output>
  <suite name="Suite" duration-ms="28844" started-at="2020-09-04T00:59:44 IST" finished-at="2020-09-04T01:00:12 IST">
    <groups>
    </groups>
    <test name="Valaditing Title" duration-ms="9486" started-at="2020-09-04T00:59:44 IST" finished-at="2020-09-04T00:59:53 IST">
      <class name="Academy.ValidateTitle">
        <test-method status="PASS" signature="Init()[pri:0, instance:Academy.ValidateTitle@46fa7c39]" name="Init" is-config="true" duration-ms="8452" started-at="2020-09-04T00:59:44 IST" finished-at="2020-09-04T00:59:52 IST">
          <reporter-output>
          </reporter-output>
        </test-method> <!-- Init -->
        <test-method status="FAIL" signature="ValidatepageTitle()[pri:0, instance:Academy.ValidateTitle@46fa7c39]" name="ValidatepageTitle" duration-ms="170" started-at="2020-09-04T00:59:52 IST" finished-at="2020-09-04T00:59:52 IST">
          <exception class="java.lang.AssertionError">
            <message>
              <![CDATA[expected [FEATURED COURSES1] but found [FEATURED COURSES]]]>
            </message>
            <full-stacktrace>
              <![CDATA[java.lang.AssertionError: expected [FEATURED COURSES1] but found [FEATURED COURSES]
at org.testng.Assert.fail(Assert.java:99)
at org.testng.Assert.failNotEquals(Assert.java:1037)
at org.testng.Assert.assertEqualsImpl(Assert.java:140)
at org.testng.Assert.assertEquals(Assert.java:122)
at org.testng.Assert.assertEquals(Assert.java:629)
at org.testng.Assert.assertEquals(Assert.java:639)
at Academy.ValidateTitle.ValidatepageTitle(ValidateTitle.java:34)
at sun.reflect.NativeMethodAccessorImpl.invoke0(Native Method)
at sun.reflect.NativeMethodAccessorImpl.invoke(NativeMethodAccessorImpl.java:62)
at sun.reflect.DelegatingMethodAccessorImpl.invoke(DelegatingMethodAccessorImpl.java:43)
at java.lang.reflect.Method.invoke(Method.java:498)
at org.testng.internal.MethodInvocationHelper.invokeMethod(MethodInvocationHelper.java:132)
at org.testng.internal.TestInvoker.invokeMethod(TestInvoker.java:599)
at org.testng.internal.TestInvoker.invokeTestMethod(TestInvoker.java:174)
at org.testng.internal.MethodRunner.runInSequence(MethodRunner.java:46)
at org.testng.internal.TestInvoker$MethodInvocationAgent.invoke(TestInvoker.java:822)
at org.testng.internal.TestInvoker.invokeTestMethods(TestInvoker.java:147)
at org.testng.internal.TestMethodWorker.invokeTestMethods(TestMethodWorker.java:146)
at org.testng.internal.TestMethodWorker.run(TestMethodWorker.java:128)
at java.util.ArrayList.forEach(ArrayList.java:1259)
at org.testng.TestRunner.privateRun(TestRunner.java:764)
at org.testng.TestRunner.run(TestRunner.java:585)
at org.testng.SuiteRunner.runTest(SuiteRunner.java:384)
at org.testng.SuiteRunner.runSequentially(SuiteRunner.java:378)
at org.testng.SuiteRunner.privateRun(SuiteRunner.java:337)
at org.testng.SuiteRunner.run(SuiteRunner.java:286)
at org.testng.SuiteRunnerWorker.runSuite(SuiteRunnerWorker.java:53)
at org.testng.SuiteRunnerWorker.run(SuiteRunnerWorker.java:96)
at org.testng.TestNG.runSuitesSequentially(TestNG.java:1218)
at org.testng.TestNG.runSuitesLocally(TestNG.java:1140)
at org.testng.TestNG.runSuites(TestNG.java:1069)
at org.testng.TestNG.run(TestNG.java:1037)
at org.apache.maven.surefire.testng.TestNGExecutor.run(TestNGExecutor.java:284)
at org.apache.maven.surefire.testng.TestNGXmlTestSuite.execute(TestNGXmlTestSuite.java:75)
at org.apache.maven.surefire.testng.TestNGProvider.invoke(TestNGProvider.java:119)
at org.apache.maven.surefire.booter.ForkedBooter.runSuitesInProcess(ForkedBooter.java:428)
at org.apache.maven.surefire.booter.ForkedBooter.execute(ForkedBooter.java:162)
at org.apache.maven.surefire.booter.ForkedBooter.run(ForkedBooter.java:562)
at org.apache.maven.surefire.booter.ForkedBooter.main(ForkedBooter.java:548)
]]>
            </full-stacktrace>
          </exception> <!-- java.lang.AssertionError -->
          <reporter-output>
          </reporter-output>
        </test-method> <!-- ValidatepageTitle -->
        <test-method status="PASS" signature="TearDown()[pri:0, instance:Academy.ValidateTitle@46fa7c39]" name="TearDown" is-config="true" duration-ms="215" started-at="2020-09-04T00:59:53 IST" finished-at="2020-09-04T00:59:53 IST">
          <reporter-output>
          </reporter-output>
        </test-method> <!-- TearDown -->
      </class> <!-- Academy.ValidateTitle -->
    </test> <!-- Valaditing Title -->
    <test name="Valaditing HomePage" duration-ms="12342" started-at="2020-09-04T00:59:54 IST" finished-at="2020-09-04T01:00:06 IST">
      <class name="Academy.HomePage">
        <test-method status="PASS" signature="Init()[pri:0, instance:Academy.HomePage@6a370f4]" name="Init" is-config="true" duration-ms="3380" started-at="2020-09-04T00:59:54 IST" finished-at="2020-09-04T00:59:57 IST">
          <reporter-output>
          </reporter-output>
        </test-method> <!-- Init -->
        <test-method status="PASS" signature="basePageNavigation(java.lang.String, java.lang.String, java.lang.String)[pri:0, instance:Academy.HomePage@6a370f4]" name="basePageNavigation" duration-ms="4767" started-at="2020-09-04T00:59:57 IST" data-provider="getData" finished-at="2020-09-04T01:00:02 IST">
          <params>
            <param index="0">
              <value>
                <![CDATA[nonrestricted@test.com]]>
              </value>
            </param>
            <param index="1">
              <value>
                <![CDATA[12345]]>
              </value>
            </param>
            <param index="2">
              <value>
                <![CDATA[Nonrestricted]]>
              </value>
            </param>
          </params>
          <reporter-output>
          </reporter-output>
        </test-method> <!-- basePageNavigation -->
        <test-method status="PASS" signature="basePageNavigation(java.lang.String, java.lang.String, java.lang.String)[pri:0, instance:Academy.HomePage@6a370f4]" name="basePageNavigation" duration-ms="3427" started-at="2020-09-04T01:00:02 IST" data-provider="getData" finished-at="2020-09-04T01:00:05 IST">
          <params>
            <param index="0">
              <value>
                <![CDATA[restricted@test.com]]>
              </value>
            </param>
            <param index="1">
              <value>
                <![CDATA[12345]]>
              </value>
            </param>
            <param index="2">
              <value>
                <![CDATA[restricted]]>
              </value>
            </param>
          </params>
          <reporter-output>
          </reporter-output>
        </test-method> <!-- basePageNavigation -->
        <test-method status="PASS" signature="TearDown()[pri:0, instance:Academy.HomePage@6a370f4]" name="TearDown" is-config="true" duration-ms="762" started-at="2020-09-04T01:00:05 IST" finished-at="2020-09-04T01:00:06 IST">
          <reporter-output>
          </reporter-output>
        </test-method> <!-- TearDown -->
      </class> <!-- Academy.HomePage -->
    </test> <!-- Valaditing HomePage -->
    <test name="Valaditing Nav bar" duration-ms="6262" started-at="2020-09-04T01:00:06 IST" finished-at="2020-09-04T01:00:12 IST">
      <class name="Academy.ValidateNavBar">
        <test-method status="PASS" signature="Init()[pri:0, instance:Academy.ValidateNavBar@140c9f39]" name="Init" is-config="true" duration-ms="5930" started-at="2020-09-04T01:00:06 IST" finished-at="2020-09-04T01:00:12 IST">
          <reporter-output>
          </reporter-output>
        </test-method> <!-- Init -->
        <test-method status="PASS" signature="basePageNavigation()[pri:0, instance:Academy.ValidateNavBar@140c9f39]" name="basePageNavigation" duration-ms="237" started-at="2020-09-04T01:00:12 IST" finished-at="2020-09-04T01:00:12 IST">
          <reporter-output>
          </reporter-output>
        </test-method> <!-- basePageNavigation -->
        <test-method status="PASS" signature="TearDown()[pri:0, instance:Academy.ValidateNavBar@140c9f39]" name="TearDown" is-config="true" duration-ms="92" started-at="2020-09-04T01:00:12 IST" finished-at="2020-09-04T01:00:12 IST">
          <reporter-output>
          </reporter-output>
        </test-method> <!-- TearDown -->
      </class> <!-- Academy.ValidateNavBar -->
    </test> <!-- Valaditing Nav bar -->
  </suite> <!-- Suite -->
</testng-results>
